\BOOKMARK [0][-]{chapter*.3}{Introduction}{}% 1
\BOOKMARK [1][-]{section*.4}{Environnement}{chapter*.3}% 2
\BOOKMARK [1][-]{section*.5}{Mission}{chapter*.3}% 3
\BOOKMARK [0][-]{chapter.1}{Outil de pseudonymisation de donn\351es structur\351es}{}% 4
\BOOKMARK [1][-]{section.1.1}{Contexte et besoin}{chapter.1}% 5
\BOOKMARK [1][-]{section.1.2}{\311tat de l'art}{chapter.1}% 6
\BOOKMARK [1][-]{section.1.3}{R\351solution de la probl\351matique}{chapter.1}% 7
\BOOKMARK [2][-]{subsection.1.3.1}{Les premiers jobs customis\351s}{section.1.3}% 8
\BOOKMARK [2][-]{subsection.1.3.2}{Du premier prototype d'outil \340 la version industrielle}{section.1.3}% 9
\BOOKMARK [3][-]{subsubsection.1.3.2.1}{Le fichier de configuration}{subsection.1.3.2}% 10
\BOOKMARK [3][-]{subsubsection.1.3.2.2}{D\351ploiement et utilisation}{subsection.1.3.2}% 11
\BOOKMARK [3][-]{subsubsection.1.3.2.3}{Fonctionnement de l'outil}{subsection.1.3.2}% 12
\BOOKMARK [3][-]{subsubsection.1.3.2.4}{Impl\351mentation}{subsection.1.3.2}% 13
\BOOKMARK [1][-]{section.1.4}{Premiers r\351sultats}{chapter.1}% 14
\BOOKMARK [1][-]{section.1.5}{\311volutions futures}{chapter.1}% 15
\BOOKMARK [2][-]{subsection.1.5.1}{Chiffrement}{section.1.5}% 16
\BOOKMARK [2][-]{subsection.1.5.2}{Traitement de donn\351es non et peu structur\351es}{section.1.5}% 17
\BOOKMARK [2][-]{subsection.1.5.3}{Version streaming}{section.1.5}% 18
\BOOKMARK [0][-]{chapter.2}{Library Python autour d'un outil de machine learning}{}% 19
\BOOKMARK [1][-]{section.2.1}{Contexte et besoin}{chapter.2}% 20
\BOOKMARK [2][-]{subsection.2.1.1}{Qu'est-ce que Khiops ?}{section.2.1}% 21
\BOOKMARK [2][-]{subsection.2.1.2}{Les limites ergonomiques de l'outil}{section.2.1}% 22
\BOOKMARK [1][-]{section.2.2}{Solution apport\351e : PyKhiops}{chapter.2}% 23
\BOOKMARK [1][-]{section.2.3}{\311volutions futures}{chapter.2}% 24
\BOOKMARK [0][-]{chapter.3}{Enseignements tir\351s et progression personnelle sur cette 1\350re ann\351e}{}% 25
\BOOKMARK [1][-]{section.3.1}{Vie d'entreprise}{chapter.3}% 26
\BOOKMARK [1][-]{section.3.2}{Technique}{chapter.3}% 27
\BOOKMARK [2][-]{subsection.3.2.1}{Java}{section.3.2}% 28
\BOOKMARK [2][-]{subsection.3.2.2}{Python}{section.3.2}% 29
\BOOKMARK [0][-]{chapter*.16}{Conclusion}{}% 30
\BOOKMARK [0][-]{chapter.4}{Annexe}{}% 31
\BOOKMARK [1][-]{section.4.1}{Grammaire du fichier de configuration du Pseudonymizer}{chapter.4}% 32
